[20:12:16] [main/INFO]: Building optimized datafixer
[20:12:21] [Render thread/INFO]: Environment: authHost='https://authserver.mojang.com', accountsHost='https://api.mojang.com', sessionHost='https://sessionserver.mojang.com', servicesHost='https://api.minecraftservices.com', name='PROD'
[20:12:23] [Render thread/INFO]: Setting user: Ray1e
[20:12:23] [Render thread/INFO]: Backend library: LWJGL version 3.3.1 build 7
[20:12:39] [Render thread/INFO]: Narrator library for x64 successfully loaded
[20:12:40] [Render thread/INFO]: Reloading ResourceManager: Default
[20:12:42] [Render thread/INFO]: Stopping!
[20:12:43] [Render thread/ERROR]: Shutdown failure!
java.util.ConcurrentModificationException: null
	at java.util.HashMap.forEach(HashMap.java:1424) ~[?:?]
	at fih.close(SourceFile:173) ~[1.19.jar:?]
	at eev.close(SourceFile:1058) [1.19.jar:?]
	at eev.l(SourceFile:1034) [1.19.jar:?]
	at net.minecraft.client.main.Main.main(SourceFile:253) [1.19.jar:?]
39] [Render thread/INFO]: Sound engine started
[20:12:39] [Render thread/INFO]: Created: 1024x1024x4 minecraft:textures/atlas/blocks.png-atlas
[20:12:39] [Render thread/INFO]: Created: 256x128x4 minecraft:textures/atlas/signs.png-atlas
[20:12:39] [Render thread/INFO]: Created: 1024x512x4 minecraft:textures/atlas/banner_patterns.png-atlas
[20:12:39] [Render thread/INFO]: Created: 1024x512x4 minecraft:textures/atlas/shield_patterns.png-atlas
[20:12:39] [Render thread/INFO]: Created: 256x256x4 minecraft:textures/atlas/chest.png-atlas
[20:12:39] [Render thread/INFO]: Created: 512x256x4 minecraft:textures/atlas/beds.png-atlas
[20:12:39] [Render thread/INFO]: Created: 512x256x4 minecraft:textures/atlas/shulker_boxes.png-atlas
[20:12:40] [Render thread/WARN]: Shader rendertype_entity_translucent_emissive could not find sampler named Sampler2 in the specified shader program.
[20:12:40] [Render thread/INFO]: Created: 512x256x0 minecraft:textures/atlas/particles.png-atlas
[20:12:40] [Render thread/INFO]: Created: 256x256x0 minecraft:textures/atlas/paintings.png-atlas
[20:12:40] [Render thread/INFO]: Created: 256x128x0 minecraft:textures/atlas/mob_effects.png-atlas
[20:13:02] [Render thread/INFO]: Connecting to skyblock.starframe.org, 25565
[20:18:11] [Render thread/INFO]: Stopping!
